[     450ms] [INFO] %cDownload the React DevTools for a better development experience: https://react.dev/link/react-devtools font-weight:bold @ http://localhost:3000/_next/static/chunks/0vum_next_dist_0xasc6z._.js:2431
[     639ms] [LOG] [HMR] connected @ http://localhost:3000/_next/static/chunks/0vum_next_dist_0xasc6z._.js:2431
[     802ms] [LOG] [Fast Refresh] rebuilding @ http://localhost:3000/_next/static/chunks/0vum_next_dist_0xasc6z._.js:2431
[    1123ms] [LOG] [Fast Refresh] done in 432ms @ http://localhost:3000/_next/static/chunks/0vum_next_dist_0xasc6z._.js:2431
[    1923ms] [ERROR] Access to XMLHttpRequest at 'https://tfhw7732.api.sanity.io/v2021-06-07/users/me?tag=sanity.studio.users.get-current' from origin 'http://localhost:3000' has been blocked by CORS policy: Response to preflight request doesn't pass access control check: No 'Access-Control-Allow-Origin' header is present on the requested resource. @ http://localhost:3000/studio:0
[    1924ms] [ERROR] Failed to load resource: net::ERR_FAILED @ https://tfhw7732.api.sanity.io/v2021-06-07/users/me?tag=sanity.studio.users.get-current:0
[    1924ms] [ERROR] Access to XMLHttpRequest at 'https://tfhw7732.api.sanity.io/v2021-06-07/users/me?tag=sanity.studio.users.get-current' from origin 'http://localhost:3000' has been blocked by CORS policy: Response to preflight request doesn't pass access control check: No 'Access-Control-Allow-Origin' header is present on the requested resource. @ http://localhost:3000/studio:0
[    1924ms] [ERROR] Failed to load resource: net::ERR_FAILED @ https://tfhw7732.api.sanity.io/v2021-06-07/users/me?tag=sanity.studio.users.get-current:0
[    2233ms] [ERROR] Access to XMLHttpRequest at 'https://tfhw7732.api.sanity.io/v2021-06-07/users/me?tag=sanity.studio.users.get-current' from origin 'http://localhost:3000' has been blocked by CORS policy: Response to preflight request doesn't pass access control check: No 'Access-Control-Allow-Origin' header is present on the requested resource. @ http://localhost:3000/studio:0
[    2233ms] [ERROR] Failed to load resource: net::ERR_FAILED @ https://tfhw7732.api.sanity.io/v2021-06-07/users/me?tag=sanity.studio.users.get-current:0
[    2234ms] [ERROR] Access to XMLHttpRequest at 'https://tfhw7732.api.sanity.io/v2021-06-07/users/me?tag=sanity.studio.users.get-current' from origin 'http://localhost:3000' has been blocked by CORS policy: Response to preflight request doesn't pass access control check: No 'Access-Control-Allow-Origin' header is present on the requested resource. @ http://localhost:3000/studio:0
[    2234ms] [ERROR] Failed to load resource: net::ERR_FAILED @ https://tfhw7732.api.sanity.io/v2021-06-07/users/me?tag=sanity.studio.users.get-current:0
[    2559ms] [ERROR] Access to XMLHttpRequest at 'https://tfhw7732.api.sanity.io/v2021-06-07/users/me?tag=sanity.studio.users.get-current' from origin 'http://localhost:3000' has been blocked by CORS policy: Response to preflight request doesn't pass access control check: No 'Access-Control-Allow-Origin' header is present on the requested resource. @ http://localhost:3000/studio:0
[    2559ms] [ERROR] Failed to load resource: net::ERR_FAILED @ https://tfhw7732.api.sanity.io/v2021-06-07/users/me?tag=sanity.studio.users.get-current:0
[    2586ms] [ERROR] Access to XMLHttpRequest at 'https://tfhw7732.api.sanity.io/v2021-06-07/users/me?tag=sanity.studio.users.get-current' from origin 'http://localhost:3000' has been blocked by CORS policy: Response to preflight request doesn't pass access control check: No 'Access-Control-Allow-Origin' header is present on the requested resource. @ http://localhost:3000/studio:0
[    2586ms] [ERROR] Failed to load resource: net::ERR_FAILED @ https://tfhw7732.api.sanity.io/v2021-06-07/users/me?tag=sanity.studio.users.get-current:0
[    3150ms] [ERROR] Access to XMLHttpRequest at 'https://tfhw7732.api.sanity.io/v2021-06-07/users/me?tag=sanity.studio.users.get-current' from origin 'http://localhost:3000' has been blocked by CORS policy: Response to preflight request doesn't pass access control check: No 'Access-Control-Allow-Origin' header is present on the requested resource. @ http://localhost:3000/studio:0
[    3150ms] [ERROR] Failed to load resource: net::ERR_FAILED @ https://tfhw7732.api.sanity.io/v2021-06-07/users/me?tag=sanity.studio.users.get-current:0
[    3187ms] [ERROR] Access to XMLHttpRequest at 'https://tfhw7732.api.sanity.io/v2021-06-07/users/me?tag=sanity.studio.users.get-current' from origin 'http://localhost:3000' has been blocked by CORS policy: Response to preflight request doesn't pass access control check: No 'Access-Control-Allow-Origin' header is present on the requested resource. @ http://localhost:3000/studio:0
[    3188ms] [ERROR] Failed to load resource: net::ERR_FAILED @ https://tfhw7732.api.sanity.io/v2021-06-07/users/me?tag=sanity.studio.users.get-current:0
[    4118ms] [ERROR] Access to XMLHttpRequest at 'https://tfhw7732.api.sanity.io/v2021-06-07/users/me?tag=sanity.studio.users.get-current' from origin 'http://localhost:3000' has been blocked by CORS policy: Response to preflight request doesn't pass access control check: No 'Access-Control-Allow-Origin' header is present on the requested resource. @ http://localhost:3000/studio:0
[    4118ms] [ERROR] Failed to load resource: net::ERR_FAILED @ https://tfhw7732.api.sanity.io/v2021-06-07/users/me?tag=sanity.studio.users.get-current:0
[    4172ms] [ERROR] Access to XMLHttpRequest at 'https://tfhw7732.api.sanity.io/v2021-06-07/users/me?tag=sanity.studio.users.get-current' from origin 'http://localhost:3000' has been blocked by CORS policy: Response to preflight request doesn't pass access control check: No 'Access-Control-Allow-Origin' header is present on the requested resource. @ http://localhost:3000/studio:0
[    4172ms] [ERROR] Failed to load resource: net::ERR_FAILED @ https://tfhw7732.api.sanity.io/v2021-06-07/users/me?tag=sanity.studio.users.get-current:0
[    5854ms] [ERROR] Access to XMLHttpRequest at 'https://tfhw7732.api.sanity.io/v2021-06-07/users/me?tag=sanity.studio.users.get-current' from origin 'http://localhost:3000' has been blocked by CORS policy: Response to preflight request doesn't pass access control check: No 'Access-Control-Allow-Origin' header is present on the requested resource. @ http://localhost:3000/studio:0
[    5855ms] [ERROR] Failed to load resource: net::ERR_FAILED @ https://tfhw7732.api.sanity.io/v2021-06-07/users/me?tag=sanity.studio.users.get-current:0
[    5938ms] [ERROR] Access to XMLHttpRequest at 'https://tfhw7732.api.sanity.io/v2021-06-07/users/me?tag=sanity.studio.users.get-current' from origin 'http://localhost:3000' has been blocked by CORS policy: Response to preflight request doesn't pass access control check: No 'Access-Control-Allow-Origin' header is present on the requested resource. @ http://localhost:3000/studio:0
[    5939ms] [ERROR] Failed to load resource: net::ERR_FAILED @ https://tfhw7732.api.sanity.io/v2021-06-07/users/me?tag=sanity.studio.users.get-current:0
[    6088ms] [ERROR] %o

%s CorsOriginError: CorsOriginError
    at getCurrentUser (http://localhost:3000/_next/static/chunks/07ap_sanity_lib_index_0~exb~y.js:5941:24)
    at async http://localhost:3000/_next/static/chunks/07ap_sanity_lib_index_0~exb~y.js:5972:33 The above error occurred in the <AuthBoundary> component. It was handled by the <ErrorBoundary> error boundary. @ http://localhost:3000/_next/static/chunks/0vum_next_dist_client_0-z0rme._.js:1998
[   74748ms] [LOG] [Fast Refresh] rebuilding @ http://localhost:3000/_next/static/chunks/0vum_next_dist_0xasc6z._.js:2431
[   87370ms] [LOG] [Fast Refresh] done in 12666ms @ http://localhost:3000/_next/static/chunks/0vum_next_dist_0xasc6z._.js:2431
[   87605ms] [LOG] [Fast Refresh] rebuilding @ http://localhost:3000/_next/static/chunks/0vum_next_dist_0xasc6z._.js:2431
[   88018ms] [LOG] [Fast Refresh] done in 516ms @ http://localhost:3000/_next/static/chunks/0vum_next_dist_0xasc6z._.js:2431
[   88131ms] [LOG] [Fast Refresh] rebuilding @ http://localhost:3000/_next/static/chunks/0vum_next_dist_0xasc6z._.js:2431
[   88208ms] [LOG] [Fast Refresh] done in 189ms @ http://localhost:3000/_next/static/chunks/0vum_next_dist_0xasc6z._.js:2431
[   88333ms] [LOG] [Fast Refresh] rebuilding @ http://localhost:3000/_next/static/chunks/0vum_next_dist_0xasc6z._.js:2431
[   88336ms] [LOG] [Fast Refresh] done in 107ms @ http://localhost:3000/_next/static/chunks/0vum_next_dist_0xasc6z._.js:2431
[   88514ms] [LOG] [Fast Refresh] rebuilding @ http://localhost:3000/_next/static/chunks/0vum_next_dist_0xasc6z._.js:2431
[   88756ms] [LOG] [Fast Refresh] done in 345ms @ http://localhost:3000/_next/static/chunks/0vum_next_dist_0xasc6z._.js:2431
[   88878ms] [LOG] [Fast Refresh] rebuilding @ http://localhost:3000/_next/static/chunks/0vum_next_dist_0xasc6z._.js:2431
[   89116ms] [LOG] [Fast Refresh] done in 343ms @ http://localhost:3000/_next/static/chunks/0vum_next_dist_0xasc6z._.js:2431
[   89680ms] [LOG] [Fast Refresh] rebuilding @ http://localhost:3000/_next/static/chunks/0vum_next_dist_0xasc6z._.js:2431
[   89810ms] [LOG] [Fast Refresh] done in 239ms @ http://localhost:3000/_next/static/chunks/0vum_next_dist_0xasc6z._.js:2431
[   90151ms] [LOG] [Fast Refresh] rebuilding @ http://localhost:3000/_next/static/chunks/0vum_next_dist_0xasc6z._.js:2431
[   90185ms] [LOG] [Fast Refresh] done in 143ms @ http://localhost:3000/_next/static/chunks/0vum_next_dist_0xasc6z._.js:2431
[   90347ms] [LOG] [Fast Refresh] rebuilding @ http://localhost:3000/_next/static/chunks/0vum_next_dist_0xasc6z._.js:2431
[   90462ms] [LOG] [Fast Refresh] done in 222ms @ http://localhost:3000/_next/static/chunks/0vum_next_dist_0xasc6z._.js:2431
[   91036ms] [LOG] [Fast Refresh] rebuilding @ http://localhost:3000/_next/static/chunks/0vum_next_dist_0xasc6z._.js:2431
[   91070ms] [LOG] [Fast Refresh] done in 148ms @ http://localhost:3000/_next/static/chunks/0vum_next_dist_0xasc6z._.js:2431
[   91614ms] [LOG] [Fast Refresh] rebuilding @ http://localhost:3000/_next/static/chunks/0vum_next_dist_0xasc6z._.js:2431
[   91714ms] [LOG] [Fast Refresh] done in 210ms @ http://localhost:3000/_next/static/chunks/0vum_next_dist_0xasc6z._.js:2431
[   92236ms] [LOG] [Fast Refresh] rebuilding @ http://localhost:3000/_next/static/chunks/0vum_next_dist_0xasc6z._.js:2431
[   92268ms] [LOG] [Fast Refresh] done in 134ms @ http://localhost:3000/_next/static/chunks/0vum_next_dist_0xasc6z._.js:2431
[   92820ms] [LOG] [Fast Refresh] rebuilding @ http://localhost:3000/_next/static/chunks/0vum_next_dist_0xasc6z._.js:2431
[   92853ms] [LOG] [Fast Refresh] done in 140ms @ http://localhost:3000/_next/static/chunks/0vum_next_dist_0xasc6z._.js:2431
[   93271ms] [LOG] [Fast Refresh] rebuilding @ http://localhost:3000/_next/static/chunks/0vum_next_dist_0xasc6z._.js:2431
[   93340ms] [LOG] [Fast Refresh] done in 176ms @ http://localhost:3000/_next/static/chunks/0vum_next_dist_0xasc6z._.js:2431
[   93837ms] [LOG] [Fast Refresh] rebuilding @ http://localhost:3000/_next/static/chunks/0vum_next_dist_0xasc6z._.js:2431
[   93861ms] [LOG] [Fast Refresh] done in 124ms @ http://localhost:3000/_next/static/chunks/0vum_next_dist_0xasc6z._.js:2431
[   94288ms] [LOG] [Fast Refresh] rebuilding @ http://localhost:3000/_next/static/chunks/0vum_next_dist_0xasc6z._.js:2431
[   94333ms] [LOG] [Fast Refresh] done in 148ms @ http://localhost:3000/_next/static/chunks/0vum_next_dist_0xasc6z._.js:2431
[   94888ms] [LOG] [Fast Refresh] rebuilding @ http://localhost:3000/_next/static/chunks/0vum_next_dist_0xasc6z._.js:2431
[   94913ms] [LOG] [Fast Refresh] done in 130ms @ http://localhost:3000/_next/static/chunks/0vum_next_dist_0xasc6z._.js:2431
[   95047ms] [LOG] [Fast Refresh] rebuilding @ http://localhost:3000/_next/static/chunks/0vum_next_dist_0xasc6z._.js:2431
[   95089ms] [LOG] [Fast Refresh] done in 152ms @ http://localhost:3000/_next/static/chunks/0vum_next_dist_0xasc6z._.js:2431
[   95984ms] [LOG] [Fast Refresh] rebuilding @ http://localhost:3000/_next/static/chunks/0vum_next_dist_0xasc6z._.js:2431
[   96030ms] [LOG] [Fast Refresh] done in 148ms @ http://localhost:3000/_next/static/chunks/0vum_next_dist_0xasc6z._.js:2431
[   97076ms] [LOG] [Fast Refresh] rebuilding @ http://localhost:3000/_next/static/chunks/0vum_next_dist_0xasc6z._.js:2431
[   97088ms] [LOG] [Fast Refresh] done in 114ms @ http://localhost:3000/_next/static/chunks/0vum_next_dist_0xasc6z._.js:2431
[   97542ms] [LOG] [Fast Refresh] rebuilding @ http://localhost:3000/_next/static/chunks/0vum_next_dist_0xasc6z._.js:2431
[   97565ms] [LOG] [Fast Refresh] done in 127ms @ http://localhost:3000/_next/static/chunks/0vum_next_dist_0xasc6z._.js:2431
[   98060ms] [LOG] [Fast Refresh] rebuilding @ http://localhost:3000/_next/static/chunks/0vum_next_dist_0xasc6z._.js:2431
[   98076ms] [LOG] [Fast Refresh] done in 117ms @ http://localhost:3000/_next/static/chunks/0vum_next_dist_0xasc6z._.js:2431
[   98809ms] [LOG] [Fast Refresh] rebuilding @ http://localhost:3000/_next/static/chunks/0vum_next_dist_0xasc6z._.js:2431
[   98831ms] [LOG] [Fast Refresh] done in 128ms @ http://localhost:3000/_next/static/chunks/0vum_next_dist_0xasc6z._.js:2431
[   99111ms] [LOG] [Fast Refresh] rebuilding @ http://localhost:3000/_next/static/chunks/0vum_next_dist_0xasc6z._.js:2431
[   99221ms] [LOG] [Fast Refresh] done in 217ms @ http://localhost:3000/_next/static/chunks/0vum_next_dist_0xasc6z._.js:2431
[   99343ms] [LOG] [Fast Refresh] rebuilding @ http://localhost:3000/_next/static/chunks/0vum_next_dist_0xasc6z._.js:2431
[   99404ms] [LOG] [Fast Refresh] done in 163ms @ http://localhost:3000/_next/static/chunks/0vum_next_dist_0xasc6z._.js:2431
[   99632ms] [LOG] [Fast Refresh] rebuilding @ http://localhost:3000/_next/static/chunks/0vum_next_dist_0xasc6z._.js:2431
[   99665ms] [LOG] [Fast Refresh] done in 133ms @ http://localhost:3000/_next/static/chunks/0vum_next_dist_0xasc6z._.js:2431
[  100146ms] [LOG] [Fast Refresh] rebuilding @ http://localhost:3000/_next/static/chunks/0vum_next_dist_0xasc6z._.js:2431
[  100167ms] [LOG] [Fast Refresh] done in 125ms @ http://localhost:3000/_next/static/chunks/0vum_next_dist_0xasc6z._.js:2431
[  100440ms] [LOG] [Fast Refresh] rebuilding @ http://localhost:3000/_next/static/chunks/0vum_next_dist_0xasc6z._.js:2431
[  100492ms] [LOG] [Fast Refresh] done in 163ms @ http://localhost:3000/_next/static/chunks/0vum_next_dist_0xasc6z._.js:2431
[  104463ms] [LOG] [Fast Refresh] rebuilding @ http://localhost:3000/_next/static/chunks/0vum_next_dist_0xasc6z._.js:2431
[  104838ms] [LOG] [Fast Refresh] done in 480ms @ http://localhost:3000/_next/static/chunks/0vum_next_dist_0xasc6z._.js:2431
[  105400ms] [LOG] [Fast Refresh] rebuilding @ http://localhost:3000/_next/static/chunks/0vum_next_dist_0xasc6z._.js:2431
[  105416ms] [LOG] [Fast Refresh] done in 127ms @ http://localhost:3000/_next/static/chunks/0vum_next_dist_0xasc6z._.js:2431
[  105572ms] [LOG] [Fast Refresh] rebuilding @ http://localhost:3000/_next/static/chunks/0vum_next_dist_0xasc6z._.js:2431
[  105589ms] [LOG] [Fast Refresh] done in 129ms @ http://localhost:3000/_next/static/chunks/0vum_next_dist_0xasc6z._.js:2431
[  106256ms] [LOG] [Fast Refresh] rebuilding @ http://localhost:3000/_next/static/chunks/0vum_next_dist_0xasc6z._.js:2431
[  106292ms] [LOG] [Fast Refresh] done in 139ms @ http://localhost:3000/_next/static/chunks/0vum_next_dist_0xasc6z._.js:2431
[  107167ms] [LOG] [Fast Refresh] rebuilding @ http://localhost:3000/_next/static/chunks/0vum_next_dist_0xasc6z._.js:2431
[  107181ms] [LOG] [Fast Refresh] done in 127ms @ http://localhost:3000/_next/static/chunks/0vum_next_dist_0xasc6z._.js:2431
[  112322ms] [LOG] [Fast Refresh] rebuilding @ http://localhost:3000/_next/static/chunks/0vum_next_dist_0xasc6z._.js:2431
[  115482ms] [WARNING] [HMR] Invalid message: {"isTrusted":true}
TypeError: Cannot convert undefined or null to object
    at Object.keys (<anonymous>)
    at extractModulesFromTurbopackMessage (http://localhost:3000/_next/static/chunks/0vum_next_dist_client_0-z0rme._.js:13631:39)
    at TurbopackHmr.onTurbopackMessage (http://localhost:3000/_next/static/chunks/0vum_next_dist_client_0-z0rme._.js:13578:32)
    at processMessage (http://localhost:3000/_next/static/chunks/0vum_next_dist_client_0-z0rme._.js:13936:30)
    at WebSocket.handleMessage (http://localhost:3000/_next/static/chunks/0vum_next_dist_client_0-z0rme._.js:13335:52) @ http://localhost:3000/_next/static/chunks/0vum_next_dist_0xasc6z._.js:2431
[  118169ms] [LOG] [Fast Refresh] done in 5911ms @ http://localhost:3000/_next/static/chunks/0vum_next_dist_0xasc6z._.js:2431
[  118683ms] [LOG] [Fast Refresh] rebuilding @ http://localhost:3000/_next/static/chunks/0vum_next_dist_0xasc6z._.js:2431
[  119138ms] [LOG] [Fast Refresh] done in 564ms @ http://localhost:3000/_next/static/chunks/0vum_next_dist_0xasc6z._.js:2431
[  119246ms] [LOG] [Fast Refresh] rebuilding @ http://localhost:3000/_next/static/chunks/0vum_next_dist_0xasc6z._.js:2431
[  119604ms] [LOG] [Fast Refresh] done in 466ms @ http://localhost:3000/_next/static/chunks/0vum_next_dist_0xasc6z._.js:2431
[  122214ms] [INFO] %cDownload the React DevTools for a better development experience: https://react.dev/link/react-devtools font-weight:bold @ http://localhost:3000/_next/static/chunks/0vum_next_dist_0xasc6z._.js:2431
[  122260ms] [LOG] [HMR] connected @ http://localhost:3000/_next/static/chunks/0vum_next_dist_0xasc6z._.js:2431
[  122688ms] [LOG] [Fast Refresh] rebuilding @ http://localhost:3000/_next/static/chunks/0vum_next_dist_0xasc6z._.js:2431
[  123087ms] [LOG] [Fast Refresh] done in 509ms @ http://localhost:3000/_next/static/chunks/0vum_next_dist_0xasc6z._.js:2431
[  123256ms] [LOG] [Fast Refresh] rebuilding @ http://localhost:3000/_next/static/chunks/0vum_next_dist_0xasc6z._.js:2431
[  123631ms] [ERROR] Access to XMLHttpRequest at 'https://tfhw7732.api.sanity.io/v2021-06-07/users/me?tag=sanity.studio.users.get-current' from origin 'http://localhost:3000' has been blocked by CORS policy: Response to preflight request doesn't pass access control check: No 'Access-Control-Allow-Origin' header is present on the requested resource. @ http://localhost:3000/studio:0
[  123631ms] [ERROR] Failed to load resource: net::ERR_FAILED @ https://tfhw7732.api.sanity.io/v2021-06-07/users/me?tag=sanity.studio.users.get-current:0
[  123631ms] [ERROR] Access to XMLHttpRequest at 'https://tfhw7732.api.sanity.io/v2021-06-07/users/me?tag=sanity.studio.users.get-current' from origin 'http://localhost:3000' has been blocked by CORS policy: Response to preflight request doesn't pass access control check: No 'Access-Control-Allow-Origin' header is present on the requested resource. @ http://localhost:3000/studio:0
[  123631ms] [ERROR] Failed to load resource: net::ERR_FAILED @ https://tfhw7732.api.sanity.io/v2021-06-07/users/me?tag=sanity.studio.users.get-current:0
[  123687ms] [LOG] [Fast Refresh] done in 531ms @ http://localhost:3000/_next/static/chunks/0vum_next_dist_0xasc6z._.js:2431
[  123863ms] [ERROR] Access to XMLHttpRequest at 'https://tfhw7732.api.sanity.io/v2021-06-07/users/me?tag=sanity.studio.users.get-current' from origin 'http://localhost:3000' has been blocked by CORS policy: Response to preflight request doesn't pass access control check: No 'Access-Control-Allow-Origin' header is present on the requested resource. @ http://localhost:3000/studio:0
[  123863ms] [ERROR] Failed to load resource: net::ERR_FAILED @ https://tfhw7732.api.sanity.io/v2021-06-07/users/me?tag=sanity.studio.users.get-current:0
[  123910ms] [ERROR] Access to XMLHttpRequest at 'https://tfhw7732.api.sanity.io/v2021-06-07/users/me?tag=sanity.studio.users.get-current' from origin 'http://localhost:3000' has been blocked by CORS policy: Response to preflight request doesn't pass access control check: No 'Access-Control-Allow-Origin' header is present on the requested resource. @ http://localhost:3000/studio:0
[  123910ms] [ERROR] Failed to load resource: net::ERR_FAILED @ https://tfhw7732.api.sanity.io/v2021-06-07/users/me?tag=sanity.studio.users.get-current:0
[  124171ms] [ERROR] Access to XMLHttpRequest at 'https://tfhw7732.api.sanity.io/v2021-06-07/users/me?tag=sanity.studio.users.get-current' from origin 'http://localhost:3000' has been blocked by CORS policy: Response to preflight request doesn't pass access control check: No 'Access-Control-Allow-Origin' header is present on the requested resource. @ http://localhost:3000/studio:0
[  124171ms] [ERROR] Failed to load resource: net::ERR_FAILED @ https://tfhw7732.api.sanity.io/v2021-06-07/users/me?tag=sanity.studio.users.get-current:0
[  124326ms] [ERROR] Access to XMLHttpRequest at 'https://tfhw7732.api.sanity.io/v2021-06-07/users/me?tag=sanity.studio.users.get-current' from origin 'http://localhost:3000' has been blocked by CORS policy: Response to preflight request doesn't pass access control check: No 'Access-Control-Allow-Origin' header is present on the requested resource. @ http://localhost:3000/studio:0
[  124326ms] [ERROR] Failed to load resource: net::ERR_FAILED @ https://tfhw7732.api.sanity.io/v2021-06-07/users/me?tag=sanity.studio.users.get-current:0
[  124713ms] [ERROR] Access to XMLHttpRequest at 'https://tfhw7732.api.sanity.io/v2021-06-07/users/me?tag=sanity.studio.users.get-current' from origin 'http://localhost:3000' has been blocked by CORS policy: Response to preflight request doesn't pass access control check: No 'Access-Control-Allow-Origin' header is present on the requested resource. @ http://localhost:3000/studio:0
[  124713ms] [ERROR] Failed to load resource: net::ERR_FAILED @ https://tfhw7732.api.sanity.io/v2021-06-07/users/me?tag=sanity.studio.users.get-current:0
[  124874ms] [ERROR] Access to XMLHttpRequest at 'https://tfhw7732.api.sanity.io/v2021-06-07/users/me?tag=sanity.studio.users.get-current' from origin 'http://localhost:3000' has been blocked by CORS policy: Response to preflight request doesn't pass access control check: No 'Access-Control-Allow-Origin' header is present on the requested resource. @ http://localhost:3000/studio:0
[  124874ms] [ERROR] Failed to load resource: net::ERR_FAILED @ https://tfhw7732.api.sanity.io/v2021-06-07/users/me?tag=sanity.studio.users.get-current:0
[  125651ms] [ERROR] Access to XMLHttpRequest at 'https://tfhw7732.api.sanity.io/v2021-06-07/users/me?tag=sanity.studio.users.get-current' from origin 'http://localhost:3000' has been blocked by CORS policy: Response to preflight request doesn't pass access control check: No 'Access-Control-Allow-Origin' header is present on the requested resource. @ http://localhost:3000/studio:0
[  125651ms] [ERROR] Failed to load resource: net::ERR_FAILED @ https://tfhw7732.api.sanity.io/v2021-06-07/users/me?tag=sanity.studio.users.get-current:0
[  125886ms] [ERROR] Access to XMLHttpRequest at 'https://tfhw7732.api.sanity.io/v2021-06-07/users/me?tag=sanity.studio.users.get-current' from origin 'http://localhost:3000' has been blocked by CORS policy: Response to preflight request doesn't pass access control check: No 'Access-Control-Allow-Origin' header is present on the requested resource. @ http://localhost:3000/studio:0
[  125887ms] [ERROR] Failed to load resource: net::ERR_FAILED @ https://tfhw7732.api.sanity.io/v2021-06-07/users/me?tag=sanity.studio.users.get-current:0
[  127440ms] [ERROR] Access to XMLHttpRequest at 'https://tfhw7732.api.sanity.io/v2021-06-07/users/me?tag=sanity.studio.users.get-current' from origin 'http://localhost:3000' has been blocked by CORS policy: Response to preflight request doesn't pass access control check: No 'Access-Control-Allow-Origin' header is present on the requested resource. @ http://localhost:3000/studio:0
[  127441ms] [ERROR] Failed to load resource: net::ERR_FAILED @ https://tfhw7732.api.sanity.io/v2021-06-07/users/me?tag=sanity.studio.users.get-current:0
[  127669ms] [ERROR] Access to XMLHttpRequest at 'https://tfhw7732.api.sanity.io/v2021-06-07/users/me?tag=sanity.studio.users.get-current' from origin 'http://localhost:3000' has been blocked by CORS policy: Response to preflight request doesn't pass access control check: No 'Access-Control-Allow-Origin' header is present on the requested resource. @ http://localhost:3000/studio:0
[  127670ms] [ERROR] Failed to load resource: net::ERR_FAILED @ https://tfhw7732.api.sanity.io/v2021-06-07/users/me?tag=sanity.studio.users.get-current:0
[  127812ms] [ERROR] %o

%s CorsOriginError: CorsOriginError
    at getCurrentUser (http://localhost:3000/_next/static/chunks/07ap_sanity_lib_index_0~exb~y.js:5941:24)
    at async http://localhost:3000/_next/static/chunks/07ap_sanity_lib_index_0~exb~y.js:5972:33 The above error occurred in the <AuthBoundary> component. It was handled by the <ErrorBoundary> error boundary. @ http://localhost:3000/_next/static/chunks/0vum_next_dist_client_0-z0rme._.js:1998
[  128154ms] [LOG] [Fast Refresh] rebuilding @ http://localhost:3000/_next/static/chunks/0vum_next_dist_0xasc6z._.js:2431
[  128353ms] [LOG] [Fast Refresh] done in 312ms @ http://localhost:3000/_next/static/chunks/0vum_next_dist_0xasc6z._.js:2431
