[     159ms] [INFO] %cDownload the React DevTools for a better development experience: https://react.dev/link/react-devtools font-weight:bold @ http://localhost:3000/_next/static/chunks/0vum_next_dist_0xasc6z._.js:2431
[     199ms] [LOG] [HMR] connected @ http://localhost:3000/_next/static/chunks/0vum_next_dist_0xasc6z._.js:2431
[    1097ms] [ERROR] Access to XMLHttpRequest at 'https://tfhw7732.api.sanity.io/v2021-06-07/users/me?tag=sanity.studio.users.get-current' from origin 'http://localhost:3000' has been blocked by CORS policy: Response to preflight request doesn't pass access control check: No 'Access-Control-Allow-Origin' header is present on the requested resource. @ http://localhost:3000/studio:0
[    1097ms] [ERROR] Failed to load resource: net::ERR_FAILED @ https://tfhw7732.api.sanity.io/v2021-06-07/users/me?tag=sanity.studio.users.get-current:0
[    1097ms] [ERROR] Access to XMLHttpRequest at 'https://tfhw7732.api.sanity.io/v2021-06-07/users/me?tag=sanity.studio.users.get-current' from origin 'http://localhost:3000' has been blocked by CORS policy: Response to preflight request doesn't pass access control check: No 'Access-Control-Allow-Origin' header is present on the requested resource. @ http://localhost:3000/studio:0
[    1098ms] [ERROR] Failed to load resource: net::ERR_FAILED @ https://tfhw7732.api.sanity.io/v2021-06-07/users/me?tag=sanity.studio.users.get-current:0
[    1629ms] [ERROR] Access to XMLHttpRequest at 'https://tfhw7732.api.sanity.io/v2021-06-07/users/me?tag=sanity.studio.users.get-current' from origin 'http://localhost:3000' has been blocked by CORS policy: Response to preflight request doesn't pass access control check: No 'Access-Control-Allow-Origin' header is present on the requested resource. @ http://localhost:3000/studio:0
[    1630ms] [ERROR] Failed to load resource: net::ERR_FAILED @ https://tfhw7732.api.sanity.io/v2021-06-07/users/me?tag=sanity.studio.users.get-current:0
[    1631ms] [ERROR] Access to XMLHttpRequest at 'https://tfhw7732.api.sanity.io/v2021-06-07/users/me?tag=sanity.studio.users.get-current' from origin 'http://localhost:3000' has been blocked by CORS policy: Response to preflight request doesn't pass access control check: No 'Access-Control-Allow-Origin' header is present on the requested resource. @ http://localhost:3000/studio:0
[    1631ms] [ERROR] Failed to load resource: net::ERR_FAILED @ https://tfhw7732.api.sanity.io/v2021-06-07/users/me?tag=sanity.studio.users.get-current:0
[    2367ms] [ERROR] Access to XMLHttpRequest at 'https://tfhw7732.api.sanity.io/v2021-06-07/users/me?tag=sanity.studio.users.get-current' from origin 'http://localhost:3000' has been blocked by CORS policy: Response to preflight request doesn't pass access control check: No 'Access-Control-Allow-Origin' header is present on the requested resource. @ http://localhost:3000/studio:0
[    2367ms] [ERROR] Failed to load resource: net::ERR_FAILED @ https://tfhw7732.api.sanity.io/v2021-06-07/users/me?tag=sanity.studio.users.get-current:0
[    2372ms] [ERROR] Access to XMLHttpRequest at 'https://tfhw7732.api.sanity.io/v2021-06-07/users/me?tag=sanity.studio.users.get-current' from origin 'http://localhost:3000' has been blocked by CORS policy: Response to preflight request doesn't pass access control check: No 'Access-Control-Allow-Origin' header is present on the requested resource. @ http://localhost:3000/studio:0
[    2373ms] [ERROR] Failed to load resource: net::ERR_FAILED @ https://tfhw7732.api.sanity.io/v2021-06-07/users/me?tag=sanity.studio.users.get-current:0
[    3018ms] [ERROR] Access to XMLHttpRequest at 'https://tfhw7732.api.sanity.io/v2021-06-07/users/me?tag=sanity.studio.users.get-current' from origin 'http://localhost:3000' has been blocked by CORS policy: Response to preflight request doesn't pass access control check: No 'Access-Control-Allow-Origin' header is present on the requested resource. @ http://localhost:3000/studio:0
[    3018ms] [ERROR] Failed to load resource: net::ERR_FAILED @ https://tfhw7732.api.sanity.io/v2021-06-07/users/me?tag=sanity.studio.users.get-current:0
[    3018ms] [ERROR] Access to XMLHttpRequest at 'https://tfhw7732.api.sanity.io/v2021-06-07/users/me?tag=sanity.studio.users.get-current' from origin 'http://localhost:3000' has been blocked by CORS policy: Response to preflight request doesn't pass access control check: No 'Access-Control-Allow-Origin' header is present on the requested resource. @ http://localhost:3000/studio:0
[    3018ms] [ERROR] Failed to load resource: net::ERR_FAILED @ https://tfhw7732.api.sanity.io/v2021-06-07/users/me?tag=sanity.studio.users.get-current:0
[    3957ms] [ERROR] Access to XMLHttpRequest at 'https://tfhw7732.api.sanity.io/v2021-06-07/users/me?tag=sanity.studio.users.get-current' from origin 'http://localhost:3000' has been blocked by CORS policy: Response to preflight request doesn't pass access control check: No 'Access-Control-Allow-Origin' header is present on the requested resource. @ http://localhost:3000/studio:0
[    3957ms] [ERROR] Failed to load resource: net::ERR_FAILED @ https://tfhw7732.api.sanity.io/v2021-06-07/users/me?tag=sanity.studio.users.get-current:0
[    4104ms] [ERROR] Access to XMLHttpRequest at 'https://tfhw7732.api.sanity.io/v2021-06-07/users/me?tag=sanity.studio.users.get-current' from origin 'http://localhost:3000' has been blocked by CORS policy: Response to preflight request doesn't pass access control check: No 'Access-Control-Allow-Origin' header is present on the requested resource. @ http://localhost:3000/studio:0
[    4104ms] [ERROR] Failed to load resource: net::ERR_FAILED @ https://tfhw7732.api.sanity.io/v2021-06-07/users/me?tag=sanity.studio.users.get-current:0
[    5699ms] [ERROR] Access to XMLHttpRequest at 'https://tfhw7732.api.sanity.io/v2021-06-07/users/me?tag=sanity.studio.users.get-current' from origin 'http://localhost:3000' has been blocked by CORS policy: Response to preflight request doesn't pass access control check: No 'Access-Control-Allow-Origin' header is present on the requested resource. @ http://localhost:3000/studio:0
[    5700ms] [ERROR] Failed to load resource: net::ERR_FAILED @ https://tfhw7732.api.sanity.io/v2021-06-07/users/me?tag=sanity.studio.users.get-current:0
[    5897ms] [ERROR] Access to XMLHttpRequest at 'https://tfhw7732.api.sanity.io/v2021-06-07/users/me?tag=sanity.studio.users.get-current' from origin 'http://localhost:3000' has been blocked by CORS policy: Response to preflight request doesn't pass access control check: No 'Access-Control-Allow-Origin' header is present on the requested resource. @ http://localhost:3000/studio:0
[    5898ms] [ERROR] Failed to load resource: net::ERR_FAILED @ https://tfhw7732.api.sanity.io/v2021-06-07/users/me?tag=sanity.studio.users.get-current:0
[    6023ms] [ERROR] %o

%s CorsOriginError: CorsOriginError
    at getCurrentUser (http://localhost:3000/_next/static/chunks/07ap_sanity_lib_index_0~exb~y.js:5941:24)
    at async http://localhost:3000/_next/static/chunks/07ap_sanity_lib_index_0~exb~y.js:5972:33 The above error occurred in the <AuthBoundary> component. It was handled by the <ErrorBoundary> error boundary. @ http://localhost:3000/_next/static/chunks/0vum_next_dist_client_0-z0rme._.js:1998
